<?xml version="1.0" encoding="UTF-8"?>
<testng-results ignored="0" total="1" passed="1" failed="0" skipped="0">
  <reporter-output>
  </reporter-output>
  <suite started-at="2023-04-08T12:55:31 CEST" name="Default suite" finished-at="2023-04-08T12:56:09 CEST" duration-ms="37416">
    <groups>
      <group name="cucumber">
        <method signature="AbstractTestNGCucumberTests.feature(cucumber.api.testng.CucumberFeatureWrapper)[pri:0, instance:com.TestRunnerCamp.qa.DemoCampRunner@5b7a7f33]" name="feature" class="cucumber.api.testng.AbstractTestNGCucumberTests"/>
      </group> <!-- cucumber -->
    </groups>
    <test started-at="2023-04-08T12:55:31 CEST" name="Default test" finished-at="2023-04-08T12:56:09 CEST" duration-ms="37416">
      <class name="com.TestRunnerCamp.qa.DemoCampRunner">
        <test-method is-config="true" signature="startURL()[pri:0, instance:com.TestRunnerCamp.qa.DemoCampRunner@5b7a7f33]" started-at="2023-04-08T12:55:32 CEST" name="startURL" finished-at="2023-04-08T12:55:39 CEST" duration-ms="7211" status="PASS">
          <reporter-output>
          </reporter-output>
        </test-method> <!-- startURL -->
        <test-method is-config="true" signature="setUpClass()[pri:0, instance:com.TestRunnerCamp.qa.DemoCampRunner@5b7a7f33]" started-at="2023-04-08T12:55:39 CEST" name="setUpClass" finished-at="2023-04-08T12:55:39 CEST" duration-ms="536" status="PASS">
          <reporter-output>
          </reporter-output>
        </test-method> <!-- setUpClass -->
        <test-method signature="feature(cucumber.api.testng.CucumberFeatureWrapper)[pri:0, instance:com.TestRunnerCamp.qa.DemoCampRunner@5b7a7f33]" started-at="2023-04-08T12:55:40 CEST" name="feature" description="Runs Cucumber Feature" data-provider="features" finished-at="2023-04-08T12:56:08 CEST" duration-ms="28254" status="PASS">
          <params>
            <param index="0">
              <value>
                <![CDATA[This is the DemoCamp Home header feature file]]>
              </value>
            </param>
          </params>
          <reporter-output>
          </reporter-output>
        </test-method> <!-- feature -->
        <test-method is-config="true" signature="tearDownClass()[pri:0, instance:com.TestRunnerCamp.qa.DemoCampRunner@5b7a7f33]" started-at="2023-04-08T12:56:08 CEST" name="tearDownClass" finished-at="2023-04-08T12:56:08 CEST" duration-ms="16" status="PASS">
          <reporter-output>
          </reporter-output>
        </test-method> <!-- tearDownClass -->
        <test-method is-config="true" signature="closeURL()[pri:0, instance:com.TestRunnerCamp.qa.DemoCampRunner@5b7a7f33]" started-at="2023-04-08T12:56:08 CEST" name="closeURL" finished-at="2023-04-08T12:56:09 CEST" duration-ms="936" status="PASS">
          <reporter-output>
          </reporter-output>
        </test-method> <!-- closeURL -->
      </class> <!-- com.TestRunnerCamp.qa.DemoCampRunner -->
    </test> <!-- Default test -->
  </suite> <!-- Default suite -->
</testng-results>
